<?xml version="1.0" encoding="UTF-8"?>
<testsuite name="org.hyperskill.calculator.tip.Stage1UnitTest" tests="3" skipped="0" failures="0" errors="0" timestamp="2023-03-12T10:30:49" hostname="MacBook-Pro-Ahmet.local" time="0.138">
  <properties/>
  <testcase name="test00_checkEditText" classname="org.hyperskill.calculator.tip.Stage1UnitTest" time="0.037"/>
  <testcase name="test01_checkSlider" classname="org.hyperskill.calculator.tip.Stage1UnitTest" time="0.068"/>
  <testcase name="test02_checkTextView" classname="org.hyperskill.calculator.tip.Stage1UnitTest" time="0.033"/>
  <system-out><![CDATA[]]></system-out>
  <system-err><![CDATA[]]></system-err>
</testsuite>
